\BOOKMARK [1][-]{section.1}{\376\377\000I\000n\000f\000o\000r\000m\000a\000z\000i\000o\000n\000i}{}% 1
\BOOKMARK [2][-]{subsection.1.1}{\376\377\000D\000e\000s\000c\000r\000i\000z\000i\000o\000n\000e}{section.1}% 2
\BOOKMARK [2][-]{subsection.1.2}{\376\377\000P\000a\000r\000t\000e\000c\000i\000p\000a\000n\000t\000i}{section.1}% 3
\BOOKMARK [2][-]{subsection.1.3}{\376\377\000G\000l\000o\000s\000s\000a\000r\000i\000o}{section.1}% 4
\BOOKMARK [1][-]{section.2}{\376\377\000R\000i\000u\000n\000i\000o\000n\000e}{}% 5
\BOOKMARK [2][-]{subsection.2.1}{\376\377\000R\000i\000t\000r\000o\000v\000o\000\040\000i\000n\000i\000z\000i\000a\000l\000e}{section.2}% 6
\BOOKMARK [2][-]{subsection.2.2}{\376\377\000A\000r\000g\000o\000m\000e\000n\000t\000i\000\040\000e\000\040\000t\000e\000m\000i\000\040\000d\000e\000l\000l\000'\000i\000n\000c\000o\000n\000t\000r\000o}{section.2}% 7
\BOOKMARK [3][-]{subsubsection.2.2.1}{\376\377\000D\000i\000a\000g\000r\000a\000m\000m\000a\000\040\000d\000e\000i\000\040\000c\000a\000s\000i\000\040\000d\000'\000u\000s\000o}{subsection.2.2}% 8
\BOOKMARK [3][-]{subsubsection.2.2.2}{\376\377\000G\000e\000s\000t\000i\000o\000n\000e\000\040\000l\000o\000g\000i\000n\000\040\000p\000e\000r\000\040\000i\000l\000\040\000T\000e\000c\000n\000i\000c\000o}{subsection.2.2}% 9
\BOOKMARK [3][-]{subsubsection.2.2.3}{\376\377\000L\000o\000g\000i\000n\000\040\000p\000e\000r\000\040\000l\000'\000U\000t\000e\000n\000t\000e\000\040\000G\000e\000n\000e\000r\000i\000c\000o}{subsection.2.2}% 10
\BOOKMARK [3][-]{subsubsection.2.2.4}{\376\377\000N\000u\000m\000e\000r\000o\000\040\000d\000i\000\040\000a\000t\000t\000o\000r\000i}{subsection.2.2}% 11
\BOOKMARK [3][-]{subsubsection.2.2.5}{\376\377\000U\000l\000t\000e\000r\000i\000o\000r\000i\000\040\000f\000u\000n\000z\000i\000o\000n\000a\000l\000i\000t\000\340\000\040\000p\000e\000r\000\040\000l\000'\000u\000t\000e\000n\000t\000e\000\040\000T\000e\000c\000n\000i\000c\000o}{subsection.2.2}% 12
\BOOKMARK [3][-]{subsubsection.2.2.6}{\376\377\000P\000r\000e\000-\000p\000r\000o\000m\000p\000t}{subsection.2.2}% 13
\BOOKMARK [3][-]{subsubsection.2.2.7}{\376\377\000F\000u\000n\000z\000i\000o\000n\000a\000l\000i\000t\000\340\000\040\000d\000i\000\040\000d\000e\000b\000u\000g}{subsection.2.2}% 14
\BOOKMARK [3][-]{subsubsection.2.2.8}{\376\377\000S\000t\000i\000m\000a\000\040\000d\000e\000l\000l\000a\000\040\000c\000o\000r\000r\000e\000t\000t\000e\000z\000z\000a\000\040\000d\000e\000l\000\040\000p\000r\000o\000m\000p\000t}{subsection.2.2}% 15
\BOOKMARK [3][-]{subsubsection.2.2.9}{\376\377\000V\000i\000s\000u\000a\000l\000i\000z\000z\000a\000z\000i\000o\000n\000e\000\040\000d\000e\000b\000u\000g}{subsection.2.2}% 16
\BOOKMARK [3][-]{subsubsection.2.2.10}{\376\377\000M\000o\000d\000a\000l\000i\000t\000\340\000\040\000d\000i\000\040\000v\000i\000s\000u\000a\000l\000i\000z\000z\000a\000z\000i\000o\000n\000e\000\040\000p\000e\000r\000\040\000l\000'\000u\000t\000e\000n\000t\000e\000\040\000T\000e\000c\000n\000i\000c\000o}{subsection.2.2}% 17
\BOOKMARK [3][-]{subsubsection.2.2.11}{\376\377\000U\000t\000i\000l\000i\000z\000z\000o\000\040\000d\000i\000\040\000t\000x\000t\000a\000i\000\040\000i\000n\000\040\000l\000o\000c\000a\000l\000e}{subsection.2.2}% 18
\BOOKMARK [3][-]{subsubsection.2.2.12}{\376\377\000L\000L\000M\000\040\000d\000i\000\040\000H\000u\000g\000g\000i\000n\000g\000\040\000F\000a\000c\000e}{subsection.2.2}% 19
\BOOKMARK [3][-]{subsubsection.2.2.13}{\376\377\000I\000m\000p\000l\000e\000m\000e\000n\000t\000a\000z\000i\000o\000n\000e\000\040\000l\000i\000n\000g\000u\000e\000\040\000a\000l\000t\000e\000r\000n\000a\000t\000i\000v\000e}{subsection.2.2}% 20
\BOOKMARK [3][-]{subsubsection.2.2.14}{\376\377\000G\000e\000s\000t\000i\000o\000n\000e\000\040\000d\000e\000l\000l\000e\000\040\000r\000i\000c\000h\000i\000e\000s\000t\000e\000\040\000i\000n\000\040\000l\000i\000n\000g\000u\000e\000\040\000a\000l\000t\000e\000r\000n\000a\000t\000i\000v\000e}{subsection.2.2}% 21
\BOOKMARK [3][-]{subsubsection.2.2.15}{\376\377\000V\000a\000l\000u\000t\000a\000z\000i\000o\000n\000e\000\040\000c\000r\000i\000t\000i\000c\000i\000t\000\340\000\040\000l\000i\000n\000g\000u\000e\000\040\000a\000l\000t\000e\000r\000n\000a\000t\000i\000v\000e}{subsection.2.2}% 22
\BOOKMARK [3][-]{subsubsection.2.2.16}{\376\377\000M\000e\000t\000o\000d\000o\000l\000o\000g\000i\000a\000\040\000A\000g\000i\000l\000e}{subsection.2.2}% 23
\BOOKMARK [3][-]{subsubsection.2.2.17}{\376\377\000F\000e\000e\000d\000b\000a\000c\000k}{subsection.2.2}% 24
\BOOKMARK [1][-]{section.3}{\376\377\000T\000o\000d\000o\000\040\000/\000\040\000I\000n\000\040\000P\000r\000o\000g\000r\000e\000s\000s}{}% 25
\BOOKMARK [2][-]{subsection.3.1}{\376\377\000P\000r\000o\000s\000s\000i\000m\000a\000\040\000r\000i\000u\000n\000i\000o\000n\000e}{section.3}% 26
